#
# There is insufficient memory for the Java Runtime Environment to continue.
# Native memory allocation (malloc) failed to allocate 32744 bytes for ChunkPool::allocate
# Possible reasons:
#   The system is out of physical RAM or swap space
#   The process is running with CompressedOops enabled, and the Java Heap may be blocking the growth of the native heap
# Possible solutions:
#   Reduce memory load on the system
#   Increase physical memory or swap space
#   Check if swap backing store is full
#   Decrease Java heap size (-Xmx/-Xms)
#   Decrease number of Java threads
#   Decrease Java thread stack sizes (-Xss)
#   Set larger code cache with -XX:ReservedCodeCacheSize=
#   JVM is running with Unscaled Compressed Oops mode in which the Java heap is
#     placed in the first 4GB address space. The Java Heap base address is the
#     maximum limit for the native heap growth. Please use -XX:HeapBaseMinAddress
#     to set the Java Heap base and to place the Java Heap above 4GB virtual address.
# This output file may be truncated or incomplete.
#
#  Out of Memory Error (arena.cpp:79), pid=11560, tid=2432
#
# JRE version: OpenJDK Runtime Environment (16.0.2+7) (build 16.0.2+7-67)
# Java VM: OpenJDK 64-Bit Server VM (16.0.2+7-67, mixed mode, tiered, compressed oops, compressed class ptrs, g1 gc, windows-amd64)
# No core dump will be written. Minidumps are not enabled by default on client versions of Windows
#

---------------  S U M M A R Y ------------

Command Line: -Dfile.encoding=UTF-8 -XX:+ShowCodeDetailsInExceptionMessages com.project.professor.allocation.ProfessorAllocationApplication

Host: Intel(R) Core(TM) i7-5500U CPU @ 2.40GHz, 4 cores, 7G,  Windows 10 , 64 bit Build 19041 (10.0.19041.1202)
Time: Fri Oct 15 11:45:51 2021 Hora Padrão de Buenos Aires elapsed time: 8.730377 seconds (0d 0h 0m 8s)

---------------  T H R E A D  ---------------

Current thread (0x0000028cd8095520):  JavaThread "main" [_thread_in_vm, id=2432, stack(0x000000b406e00000,0x000000b406f00000)]

Stack: [0x000000b406e00000,0x000000b406f00000]
Native frames: (J=compiled Java code, j=interpreted, Vv=VM code, C=native code)
V  [jvm.dll+0x6681ca]
V  [jvm.dll+0x7c9e69]
V  [jvm.dll+0x7cb61e]
V  [jvm.dll+0x7cbc73]
V  [jvm.dll+0x242c55]
V  [jvm.dll+0xae10f]
V  [jvm.dll+0xae45c]
V  [jvm.dll+0x1e79d5]
V  [jvm.dll+0x1ea863]
V  [jvm.dll+0x1df631]
V  [jvm.dll+0x535ff8]
V  [jvm.dll+0x742a71]
V  [jvm.dll+0x40703f]
V  [jvm.dll+0x40d362]
C  [java.dll+0x17c8]

Java frames: (J=compiled Java code, j=interpreted, Vv=VM code)
J 943  java.lang.ClassLoader.defineClass1(Ljava/lang/ClassLoader;Ljava/lang/String;[BIILjava/security/ProtectionDomain;Ljava/lang/String;)Ljava/lang/Class; java.base@16.0.2 (0 bytes) @ 0x0000028ce313597b [0x0000028ce31358c0+0x00000000000000bb]
J 4467 c2 java.security.SecureClassLoader.defineClass(Ljava/lang/String;[BIILjava/security/CodeSource;)Ljava/lang/Class; java.base@16.0.2 (16 bytes) @ 0x0000028ce3339a84 [0x0000028ce3339460+0x0000000000000624]
J 4324 c2 jdk.internal.loader.BuiltinClassLoader.findClassOnClassPathOrNull(Ljava/lang/String;)Ljava/lang/Class; java.base@16.0.2 (64 bytes) @ 0x0000028ce332bc60 [0x0000028ce33290e0+0x0000000000002b80]
J 2704 c2 jdk.internal.loader.BuiltinClassLoader.loadClassOrNull(Ljava/lang/String;Z)Ljava/lang/Class; java.base@16.0.2 (143 bytes) @ 0x0000028ce321711c [0x0000028ce3215e80+0x000000000000129c]
J 4754 c2 java.lang.ClassLoader.loadClass(Ljava/lang/String;)Ljava/lang/Class; java.base@16.0.2 (7 bytes) @ 0x0000028ce3365fa0 [0x0000028ce3365f40+0x0000000000000060]
v  ~StubRoutines::call_stub
j  org.apache.tomcat.util.net.AbstractEndpoint.startAcceptorThread()V+1
j  org.apache.tomcat.util.net.NioEndpoint.startInternal()V+190
j  org.apache.tomcat.util.net.AbstractEndpoint.start()V+22
j  org.apache.coyote.AbstractProtocol.start()V+48
j  org.apache.catalina.connector.Connector.startInternal()V+73
j  org.apache.catalina.util.LifecycleBase.start()V+210
j  org.apache.catalina.core.StandardService.addConnector(Lorg/apache/catalina/connector/Connector;)V+74
j  org.springframework.boot.web.embedded.tomcat.TomcatWebServer.addPreviouslyRemovedConnectors()V+84
j  org.springframework.boot.web.embedded.tomcat.TomcatWebServer.start()V+18
j  org.springframework.boot.web.servlet.context.WebServerStartStopLifecycle.start()V+4
j  org.springframework.context.support.DefaultLifecycleProcessor.doStart(Ljava/util/Map;Ljava/lang/String;Z)V+173
j  org.springframework.context.support.DefaultLifecycleProcessor.access$200(Lorg/springframework/context/support/DefaultLifecycleProcessor;Ljava/util/Map;Ljava/lang/String;Z)V+4
j  org.springframework.context.support.DefaultLifecycleProcessor$LifecycleGroup.start()V+114
j  org.springframework.context.support.DefaultLifecycleProcessor$$Lambda$1037+0x00000001008256a0.accept(Ljava/lang/Object;)V+4
j  java.lang.Iterable.forEach(Ljava/util/function/Consumer;)V+30 java.base@16.0.2
j  org.springframework.context.support.DefaultLifecycleProcessor.startBeans(Z)V+48
j  org.springframework.context.support.DefaultLifecycleProcessor.onRefresh()V+2
j  org.springframework.context.support.AbstractApplicationContext.finishRefresh()V+12
j  org.springframework.context.support.AbstractApplicationContext.refresh()V+90
j  org.springframework.boot.web.servlet.context.ServletWebServerApplicationContext.refresh()V+1
j  org.springframework.boot.SpringApplication.refresh(Lorg/springframework/context/ConfigurableApplicationContext;)V+1
j  org.springframework.boot.SpringApplication.refreshContext(Lorg/springframework/context/ConfigurableApplicationContext;)V+16
j  org.springframework.boot.SpringApplication.run([Ljava/lang/String;)Lorg/springframework/context/ConfigurableApplicationContext;+111
j  org.springframework.boot.SpringApplication.run([Ljava/lang/Class;[Ljava/lang/String;)Lorg/springframework/context/ConfigurableApplicationContext;+9
j  org.springframework.boot.SpringApplication.run(Ljava/lang/Class;[Ljava/lang/String;)Lorg/springframework/context/ConfigurableApplicationContext;+9
j  com.project.professor.allocation.ProfessorAllocationApplication.main([Ljava/lang/String;)V+3
v  ~StubRoutines::call_stub

---------------  P R O C E S S  ---------------

Threads class SMR info:
_java_thread_list=0x0000028cf44758a0, length=20, elements={
0x0000028cd8095520, 0x0000028cf165b010, 0x0000028cf165bde0, 0x0000028cf2009080,
0x0000028cf200aaa0, 0x0000028cf200e3d0, 0x0000028cf200fcf0, 0x0000028cf20142e0,
0x0000028cf2014ce0, 0x0000028cf2015a20, 0x0000028cf2187be0, 0x0000028cf21a3020,
0x0000028cf2ad6940, 0x0000028cf5be9820, 0x0000028cf70d0f20, 0x0000028cf42e4770,
0x0000028cf72e0880, 0x0000028cf72e1320, 0x0000028cf72e1870, 0x0000028cf72e0dd0
}

Java Threads: ( => current thread )
=>0x0000028cd8095520 JavaThread "main" [_thread_in_vm, id=2432, stack(0x000000b406e00000,0x000000b406f00000)]
  0x0000028cf165b010 JavaThread "Reference Handler" daemon [_thread_blocked, id=8652, stack(0x000000b407500000,0x000000b407600000)]
  0x0000028cf165bde0 JavaThread "Finalizer" daemon [_thread_blocked, id=13540, stack(0x000000b407600000,0x000000b407700000)]
  0x0000028cf2009080 JavaThread "Signal Dispatcher" daemon [_thread_blocked, id=14344, stack(0x000000b407700000,0x000000b407800000)]
  0x0000028cf200aaa0 JavaThread "Attach Listener" daemon [_thread_blocked, id=15092, stack(0x000000b407800000,0x000000b407900000)]
  0x0000028cf200e3d0 JavaThread "Service Thread" daemon [_thread_blocked, id=9276, stack(0x000000b407900000,0x000000b407a00000)]
  0x0000028cf200fcf0 JavaThread "Monitor Deflation Thread" daemon [_thread_blocked, id=13960, stack(0x000000b407a00000,0x000000b407b00000)]
  0x0000028cf20142e0 JavaThread "C2 CompilerThread0" daemon [_thread_in_native, id=14368, stack(0x000000b407b00000,0x000000b407c00000)]
  0x0000028cf2014ce0 JavaThread "C1 CompilerThread0" daemon [_thread_blocked, id=9072, stack(0x000000b407c00000,0x000000b407d00000)]
  0x0000028cf2015a20 JavaThread "Sweeper thread" daemon [_thread_blocked, id=3344, stack(0x000000b407d00000,0x000000b407e00000)]
  0x0000028cf2187be0 JavaThread "Notification Thread" daemon [_thread_blocked, id=6244, stack(0x000000b407e00000,0x000000b407f00000)]
  0x0000028cf21a3020 JavaThread "Common-Cleaner" daemon [_thread_blocked, id=13388, stack(0x000000b408000000,0x000000b408100000)]
  0x0000028cf2ad6940 JavaThread "C2 CompilerThread1" daemon [_thread_in_native, id=10316, stack(0x000000b408100000,0x000000b408200000)]
  0x0000028cf5be9820 JavaThread "Catalina-utility-1" [_thread_blocked, id=12836, stack(0x000000b408600000,0x000000b408700000)]
  0x0000028cf70d0f20 JavaThread "Catalina-utility-2" [_thread_blocked, id=1736, stack(0x000000b408700000,0x000000b408800000)]
  0x0000028cf42e4770 JavaThread "container-0" [_thread_blocked, id=13224, stack(0x000000b408800000,0x000000b408900000)]
  0x0000028cf72e0880 JavaThread "mysql-cj-abandoned-connection-cleanup" daemon [_thread_blocked, id=8288, stack(0x000000b408900000,0x000000b408a00000)]
  0x0000028cf72e1320 JavaThread "HikariPool-1 housekeeper" daemon [_thread_blocked, id=924, stack(0x000000b408b00000,0x000000b408c00000)]
  0x0000028cf72e1870 JavaThread "HikariPool-1 connection adder" daemon [_thread_blocked, id=7348, stack(0x000000b408c00000,0x000000b408d00000)]
  0x0000028cf72e0dd0 JavaThread "http-nio-8080-Poller" daemon [_thread_in_native, id=6932, stack(0x000000b408d00000,0x000000b408e00000)]

Other Threads:
  0x0000028cf15fac00 VMThread "VM Thread" [stack: 0x000000b407400000,0x000000b407500000] [id=13532]
  0x0000028cf2188100 WatcherThread [stack: 0x000000b407f00000,0x000000b408000000] [id=8524]
  0x0000028cd80d3490 GCTaskThread "GC Thread#0" [stack: 0x000000b406f00000,0x000000b407000000] [id=15196]
  0x0000028cf28c7020 GCTaskThread "GC Thread#1" [stack: 0x000000b408200000,0x000000b408300000] [id=7608]
  0x0000028cf28c7330 GCTaskThread "GC Thread#2" [stack: 0x000000b408300000,0x000000b408400000] [id=10792]
  0x0000028cf29ff370 GCTaskThread "GC Thread#3" [stack: 0x000000b408400000,0x000000b408500000] [id=2560]
  0x0000028cd80e4a00 ConcurrentGCThread "G1 Main Marker" [stack: 0x000000b407000000,0x000000b407100000] [id=8600]
  0x0000028cd80e6410 ConcurrentGCThread "G1 Conc#0" [stack: 0x000000b407100000,0x000000b407200000] [id=2484]
  0x0000028cd8161220 ConcurrentGCThread "G1 Refine#0" [stack: 0x000000b407200000,0x000000b407300000] [id=15312]
  0x0000028cf28c7640 ConcurrentGCThread "G1 Refine#1" [stack: 0x000000b408500000,0x000000b408600000] [id=11836]
  0x0000028cd8161c30 ConcurrentGCThread "G1 Service" [stack: 0x000000b407300000,0x000000b407400000] [id=2728]

Threads with active compile tasks:
C2 CompilerThread0     8760 5218   !   4       org.springframework.core.annotation.AnnotationsScanner::processMethodHierarchy (276 bytes)
C2 CompilerThread1     8760 5299       4       org.springframework.core.annotation.TypeMappedAnnotations::get (52 bytes)

VM state: not at safepoint (normal execution)

VM Mutex/Monitor currently owned by a thread: None

Heap address: 0x0000000081400000, size: 2028 MB, Compressed Oops mode: 32-bit

CDS disabled.
Compressed class space mapped at: 0x0000000100000000-0x0000000140000000, reserved size: 1073741824
Narrow klass base: 0x0000000000000000, Narrow klass shift: 3, Narrow klass range: 0x140000000

GC Precious Log:
 CPUs: 4 total, 4 available
 Memory: 8107M
 Large Page Support: Disabled
 NUMA Support: Disabled
 Compressed Oops: Enabled (32-bit)
 Heap Region Size: 1M
 Heap Min Capacity: 8M
 Heap Initial Capacity: 128M
 Heap Max Capacity: 2028M
 Pre-touch: Disabled
 Parallel Workers: 4
 Concurrent Workers: 1
 Concurrent Refinement Workers: 4
 Periodic GC: Disabled

Heap:
 garbage-first heap   total 70656K, used 25902K [0x0000000081400000, 0x0000000100000000)
  region size 1024K, 5 young (5120K), 3 survivors (3072K)
 Metaspace       used 64112K, committed 64448K, reserved 1105920K
  class space    used 8045K, committed 8192K, reserved 1048576K

Heap Regions: E=young(eden), S=young(survivor), O=old, HS=humongous(starts), HC=humongous(continues), CS=collection set, F=free, OA=open archive, CA=closed archive, TAMS=top-at-mark-start (previous, next)
|   0|0x0000000081400000, 0x0000000081500000, 0x0000000081500000|100%|HS|  |TAMS 0x0000000081500000, 0x0000000081400000| Complete 
|   1|0x0000000081500000, 0x0000000081600000, 0x0000000081600000|100%| O|  |TAMS 0x0000000081600000, 0x0000000081500000| Untracked 
|   2|0x0000000081600000, 0x0000000081700000, 0x0000000081700000|100%| O|  |TAMS 0x0000000081700000, 0x0000000081600000| Untracked 
|   3|0x0000000081700000, 0x0000000081800000, 0x0000000081800000|100%| O|  |TAMS 0x0000000081800000, 0x0000000081700000| Untracked 
|   4|0x0000000081800000, 0x0000000081900000, 0x0000000081900000|100%| O|  |TAMS 0x0000000081900000, 0x0000000081800000| Untracked 
|   5|0x0000000081900000, 0x00000000819bd000, 0x0000000081a00000| 73%| O|  |TAMS 0x00000000819bd000, 0x0000000081900000| Untracked 
|   6|0x0000000081a00000, 0x0000000081b00000, 0x0000000081b00000|100%| O|  |TAMS 0x0000000081b00000, 0x0000000081a00000| Untracked 
|   7|0x0000000081b00000, 0x0000000081c00000, 0x0000000081c00000|100%| O|  |TAMS 0x0000000081c00000, 0x0000000081b00000| Untracked 
|   8|0x0000000081c00000, 0x0000000081d00000, 0x0000000081d00000|100%| O|  |TAMS 0x0000000081d00000, 0x0000000081c00000| Untracked 
|   9|0x0000000081d00000, 0x0000000081e00000, 0x0000000081e00000|100%| O|  |TAMS 0x0000000081e00000, 0x0000000081d00000| Untracked 
|  10|0x0000000081e00000, 0x0000000081f00000, 0x0000000081f00000|100%| O|  |TAMS 0x0000000081f00000, 0x0000000081e00000| Untracked 
|  11|0x0000000081f00000, 0x0000000081f34a00, 0x0000000082000000| 20%| O|  |TAMS 0x0000000081f34a00, 0x0000000081f00000| Untracked 
|  12|0x0000000082000000, 0x0000000082100000, 0x0000000082100000|100%| O|  |TAMS 0x0000000082000000, 0x0000000082000000| Untracked 
|  13|0x0000000082100000, 0x0000000082200000, 0x0000000082200000|100%| O|  |TAMS 0x0000000082100000, 0x0000000082100000| Untracked 
|  14|0x0000000082200000, 0x0000000082300000, 0x0000000082300000|100%| O|  |TAMS 0x0000000082200000, 0x0000000082200000| Untracked 
|  15|0x0000000082300000, 0x0000000082400000, 0x0000000082400000|100%| O|  |TAMS 0x0000000082300000, 0x0000000082300000| Untracked 
|  16|0x0000000082400000, 0x0000000082500000, 0x0000000082500000|100%| O|  |TAMS 0x0000000082400000, 0x0000000082400000| Untracked 
|  17|0x0000000082500000, 0x0000000082600000, 0x0000000082600000|100%| O|  |TAMS 0x0000000082500000, 0x0000000082500000| Untracked 
|  18|0x0000000082600000, 0x0000000082700000, 0x0000000082700000|100%| O|  |TAMS 0x0000000082600000, 0x0000000082600000| Untracked 
|  19|0x0000000082700000, 0x0000000082800000, 0x0000000082800000|100%| O|  |TAMS 0x0000000082700000, 0x0000000082700000| Untracked 
|  20|0x0000000082800000, 0x0000000082900000, 0x0000000082900000|100%| O|  |TAMS 0x0000000082800000, 0x0000000082800000| Untracked 
|  21|0x0000000082900000, 0x0000000082966000, 0x0000000082a00000| 39%| O|  |TAMS 0x0000000082900000, 0x0000000082900000| Untracked 
|  22|0x0000000082a00000, 0x0000000082a00000, 0x0000000082b00000|  0%| F|  |TAMS 0x0000000082a00000, 0x0000000082a00000| Untracked 
|  23|0x0000000082b00000, 0x0000000082c00000, 0x0000000082c00000|100%| O|  |TAMS 0x0000000082b00000, 0x0000000082b00000| Untracked 
|  24|0x0000000082c00000, 0x0000000082c00000, 0x0000000082d00000|  0%| F|  |TAMS 0x0000000082c00000, 0x0000000082c00000| Untracked 
|  25|0x0000000082d00000, 0x0000000082d00000, 0x0000000082e00000|  0%| F|  |TAMS 0x0000000082d00000, 0x0000000082d00000| Untracked 
|  26|0x0000000082e00000, 0x0000000082e00000, 0x0000000082f00000|  0%| F|  |TAMS 0x0000000082e00000, 0x0000000082e00000| Untracked 
|  27|0x0000000082f00000, 0x0000000082f00000, 0x0000000083000000|  0%| F|  |TAMS 0x0000000082f00000, 0x0000000082f00000| Untracked 
|  28|0x0000000083000000, 0x0000000083000000, 0x0000000083100000|  0%| F|  |TAMS 0x0000000083000000, 0x0000000083000000| Untracked 
|  29|0x0000000083100000, 0x00000000831f3e80, 0x0000000083200000| 95%| S|CS|TAMS 0x0000000083100000, 0x0000000083100000| Complete 
|  30|0x0000000083200000, 0x0000000083200000, 0x0000000083300000|  0%| F|  |TAMS 0x0000000083200000, 0x0000000083200000| Untracked 
|  31|0x0000000083300000, 0x0000000083400000, 0x0000000083400000|100%| S|CS|TAMS 0x0000000083300000, 0x0000000083300000| Complete 
|  32|0x0000000083400000, 0x0000000083500000, 0x0000000083500000|100%| S|CS|TAMS 0x0000000083400000, 0x0000000083400000| Complete 
|  33|0x0000000083500000, 0x0000000083500000, 0x0000000083600000|  0%| F|  |TAMS 0x0000000083500000, 0x0000000083500000| Untracked 
|  34|0x0000000083600000, 0x0000000083600000, 0x0000000083700000|  0%| F|  |TAMS 0x0000000083600000, 0x0000000083600000| Untracked 
|  35|0x0000000083700000, 0x0000000083700000, 0x0000000083800000|  0%| F|  |TAMS 0x0000000083700000, 0x0000000083700000| Untracked 
|  36|0x0000000083800000, 0x0000000083800000, 0x0000000083900000|  0%| F|  |TAMS 0x0000000083800000, 0x0000000083800000| Untracked 
|  37|0x0000000083900000, 0x0000000083900000, 0x0000000083a00000|  0%| F|  |TAMS 0x0000000083900000, 0x0000000083900000| Untracked 
|  38|0x0000000083a00000, 0x0000000083a00000, 0x0000000083b00000|  0%| F|  |TAMS 0x0000000083a00000, 0x0000000083a00000| Untracked 
|  39|0x0000000083b00000, 0x0000000083b00000, 0x0000000083c00000|  0%| F|  |TAMS 0x0000000083b00000, 0x0000000083b00000| Untracked 
|  40|0x0000000083c00000, 0x0000000083c00000, 0x0000000083d00000|  0%| F|  |TAMS 0x0000000083c00000, 0x0000000083c00000| Untracked 
|  41|0x0000000083d00000, 0x0000000083d00000, 0x0000000083e00000|  0%| F|  |TAMS 0x0000000083d00000, 0x0000000083d00000| Untracked 
|  42|0x0000000083e00000, 0x0000000083e00000, 0x0000000083f00000|  0%| F|  |TAMS 0x0000000083e00000, 0x0000000083e00000| Untracked 
|  43|0x0000000083f00000, 0x0000000083f00000, 0x0000000084000000|  0%| F|  |TAMS 0x0000000083f00000, 0x0000000083f00000| Untracked 
|  44|0x0000000084000000, 0x0000000084000000, 0x0000000084100000|  0%| F|  |TAMS 0x0000000084000000, 0x0000000084000000| Untracked 
|  45|0x0000000084100000, 0x0000000084100000, 0x0000000084200000|  0%| F|  |TAMS 0x0000000084100000, 0x0000000084100000| Untracked 
|  46|0x0000000084200000, 0x0000000084200000, 0x0000000084300000|  0%| F|  |TAMS 0x0000000084200000, 0x0000000084200000| Untracked 
|  47|0x0000000084300000, 0x0000000084300000, 0x0000000084400000|  0%| F|  |TAMS 0x0000000084300000, 0x0000000084300000| Untracked 
|  48|0x0000000084400000, 0x0000000084400000, 0x0000000084500000|  0%| F|  |TAMS 0x0000000084400000, 0x0000000084400000| Untracked 
|  49|0x0000000084500000, 0x0000000084500000, 0x0000000084600000|  0%| F|  |TAMS 0x0000000084500000, 0x0000000084500000| Untracked 
|  50|0x0000000084600000, 0x0000000084600000, 0x0000000084700000|  0%| F|  |TAMS 0x0000000084600000, 0x0000000084600000| Untracked 
|  51|0x0000000084700000, 0x0000000084700000, 0x0000000084800000|  0%| F|  |TAMS 0x0000000084700000, 0x0000000084700000| Untracked 
|  52|0x0000000084800000, 0x0000000084800000, 0x0000000084900000|  0%| F|  |TAMS 0x0000000084800000, 0x0000000084800000| Untracked 
|  53|0x0000000084900000, 0x0000000084900000, 0x0000000084a00000|  0%| F|  |TAMS 0x0000000084900000, 0x0000000084900000| Untracked 
|  54|0x0000000084a00000, 0x0000000084a00000, 0x0000000084b00000|  0%| F|  |TAMS 0x0000000084a00000, 0x0000000084a00000| Untracked 
|  55|0x0000000084b00000, 0x0000000084b00000, 0x0000000084c00000|  0%| F|  |TAMS 0x0000000084b00000, 0x0000000084b00000| Untracked 
|  56|0x0000000084c00000, 0x0000000084c00000, 0x0000000084d00000|  0%| F|  |TAMS 0x0000000084c00000, 0x0000000084c00000| Untracked 
|  57|0x0000000084d00000, 0x0000000084d00000, 0x0000000084e00000|  0%| F|  |TAMS 0x0000000084d00000, 0x0000000084d00000| Untracked 
|  58|0x0000000084e00000, 0x0000000084e00000, 0x0000000084f00000|  0%| F|  |TAMS 0x0000000084e00000, 0x0000000084e00000| Untracked 
|  59|0x0000000084f00000, 0x0000000084f00000, 0x0000000085000000|  0%| F|  |TAMS 0x0000000084f00000, 0x0000000084f00000| Untracked 
|  60|0x0000000085000000, 0x0000000085000000, 0x0000000085100000|  0%| F|  |TAMS 0x0000000085000000, 0x0000000085000000| Untracked 
|  61|0x0000000085100000, 0x0000000085100000, 0x0000000085200000|  0%| F|  |TAMS 0x0000000085100000, 0x0000000085100000| Untracked 
|  62|0x0000000085200000, 0x0000000085200000, 0x0000000085300000|  0%| F|  |TAMS 0x0000000085200000, 0x0000000085200000| Untracked 
|  63|0x0000000085300000, 0x0000000085300000, 0x0000000085400000|  0%| F|  |TAMS 0x0000000085300000, 0x0000000085300000| Untracked 
|  67|0x0000000085700000, 0x0000000085700000, 0x0000000085800000|  0%| F|  |TAMS 0x0000000085700000, 0x0000000085700000| Untracked 
|  68|0x0000000085800000, 0x0000000085800000, 0x0000000085900000|  0%| F|  |TAMS 0x0000000085800000, 0x0000000085800000| Untracked 
|  69|0x0000000085900000, 0x0000000085900000, 0x0000000085a00000|  0%| F|  |TAMS 0x0000000085900000, 0x0000000085900000| Untracked 
|  70|0x0000000085a00000, 0x0000000085a00800, 0x0000000085b00000|  0%| E|  |TAMS 0x0000000085a00000, 0x0000000085a00000| Complete 
| 127|0x0000000089300000, 0x0000000089400000, 0x0000000089400000|100%| E|CS|TAMS 0x0000000089300000, 0x0000000089300000| Complete 

Card table byte_map: [0x0000028ceaa10000,0x0000028ceae10000] _byte_map_base: 0x0000028cea606000

Marking Bits (Prev, Next): (CMBitMap*) 0x0000028cd80d3ad0, (CMBitMap*) 0x0000028cd80d3a90
 Prev Bits: [0x0000028ced1c0000, 0x0000028cef170000)
 Next Bits: [0x0000028ceb210000, 0x0000028ced1c0000)

Polling page: 0x0000028cd5f60000

Metaspace:

Usage:
  Non-class:     54.75 MB used.
      Class:      7.86 MB used.
       Both:     62.61 MB used.

Virtual space:
  Non-class space:       56.00 MB reserved,      54.94 MB ( 98%) committed,  7 nodes.
      Class space:        1.00 GB reserved,       8.00 MB ( <1%) committed,  1 nodes.
              Both:        1.05 GB reserved,      62.94 MB (  6%) committed. 

Chunk freelists:
   Non-Class:  749.00 KB
       Class:  3.82 MB
        Both:  4.55 MB

MaxMetaspaceSize: 17179869184.00 GB
CompressedClassSpaceSize: 1.00 GB
 - commit_granule_bytes: 65536.
 - commit_granule_words: 8192.
 - virtual_space_node_default_size: 1048576.
 - enlarge_chunks_in_place: 1.
 - new_chunks_are_fully_committed: 0.
 - uncommit_free_chunks: 1.
 - use_allocation_guard: 0.
 - handle_deallocations: 1.


Internal statistics:

num_allocs_failed_limit: 9.
num_arena_births: 434.
num_arena_deaths: 0.
num_vsnodes_births: 8.
num_vsnodes_deaths: 0.
num_space_committed: 1007.
num_space_uncommitted: 0.
num_chunks_returned_to_freelist: 9.
num_chunks_taken_from_freelist: 2352.
num_chunk_merges: 9.
num_chunk_splits: 1652.
num_chunks_enlarged: 1290.
num_purges: 0.

CodeHeap 'non-profiled nmethods': size=120000Kb used=2338Kb max_used=3005Kb free=117661Kb
 bounds [0x0000028ce30e0000, 0x0000028ce33d0000, 0x0000028cea610000]
CodeHeap 'profiled nmethods': size=120000Kb used=8898Kb max_used=11012Kb free=111101Kb
 bounds [0x0000028cdbbb0000, 0x0000028cdc680000, 0x0000028ce30e0000]
CodeHeap 'non-nmethods': size=5760Kb used=1309Kb max_used=1359Kb free=4450Kb
 bounds [0x0000028cdb610000, 0x0000028cdb880000, 0x0000028cdbbb0000]
 total_blobs=5245 nmethods=4621 adapters=535
 compilation: enabled
              stopped_count=0, restarted_count=0
 full_count=0

Compilation events (20 events):
Event: 8.683 Thread 0x0000028cf2014ce0 5477       1       java.lang.invoke.InvokerBytecodeGenerator::setClassWriter (6 bytes)
Event: 8.683 Thread 0x0000028cf2014ce0 nmethod 5477 0x0000028ce3301f10 code [0x0000028ce33020a0, 0x0000028ce33021b8]
Event: 8.683 Thread 0x0000028cf2014ce0 5481       1       java.lang.Class::getClassData (5 bytes)
Event: 8.683 Thread 0x0000028cf2014ce0 nmethod 5481 0x0000028ce313c410 code [0x0000028ce313c5a0, 0x0000028ce313c678]
Event: 8.683 Thread 0x0000028cf2014ce0 5482       2       jdk.internal.org.objectweb.asm.AnnotationWriter::create (34 bytes)
Event: 8.684 Thread 0x0000028cf2014ce0 nmethod 5482 0x0000028cdbcdfb10 code [0x0000028cdbcdfce0, 0x0000028cdbce0038]
Event: 8.684 Thread 0x0000028cf2014ce0 5483       2       java.util.ImmutableCollections$List12::<init> (20 bytes)
Event: 8.685 Thread 0x0000028cf2014ce0 nmethod 5483 0x0000028cdbd0e890 code [0x0000028cdbd0ea40, 0x0000028cdbd0ecc8]
Event: 8.686 Thread 0x0000028cf2014ce0 5486       2       java.lang.invoke.MemberName::getFactory (4 bytes)
Event: 8.686 Thread 0x0000028cf2014ce0 nmethod 5486 0x0000028cdbbba810 code [0x0000028cdbbba9a0, 0x0000028cdbbbaa98]
Event: 8.691 Thread 0x0000028cf2014ce0 5490       2       java.util.TreeMap$ValueIterator::next (8 bytes)
Event: 8.691 Thread 0x0000028cf2014ce0 nmethod 5490 0x0000028cdbe86210 code [0x0000028cdbe863c0, 0x0000028cdbe864e8]
Event: 8.691 Thread 0x0000028cf2014ce0 5491       1       org.apache.catalina.LifecycleState::getLifecycleEvent (5 bytes)
Event: 8.691 Thread 0x0000028cf2014ce0 nmethod 5491 0x0000028ce3236110 code [0x0000028ce32362a0, 0x0000028ce3236378]
Event: 8.699 Thread 0x0000028cf2014ce0 5492       2       java.util.Locale::getCountry (8 bytes)
Event: 8.699 Thread 0x0000028cf2014ce0 nmethod 5492 0x0000028cdbebde10 code [0x0000028cdbebdfa0, 0x0000028cdbebe0b8]
Event: 8.717 Thread 0x0000028cf2014ce0 5493       2       sun.security.provider.HashDrbg::addBytes (130 bytes)
Event: 8.717 Thread 0x0000028cf2014ce0 nmethod 5493 0x0000028cdbfb0510 code [0x0000028cdbfb06c0, 0x0000028cdbfb0938]
Event: 8.722 Thread 0x0000028cf2014ce0 5494       2       sun.nio.ch.IOStatus::okayToRetry (22 bytes)
Event: 8.722 Thread 0x0000028cf2014ce0 nmethod 5494 0x0000028cdbf05f90 code [0x0000028cdbf06120, 0x0000028cdbf06238]

GC Heap History (20 events):
Event: 3.336 GC heap before
{Heap before GC invocations=7 (full 0):
 garbage-first heap   total 40960K, used 29221K [0x0000000081400000, 0x0000000100000000)
  region size 1024K, 21 young (21504K), 2 survivors (2048K)
 Metaspace       used 28968K, committed 29312K, reserved 1081344K
  class space    used 3259K, committed 3392K, reserved 1048576K
}
Event: 3.345 GC heap after
{Heap after GC invocations=8 (full 0):
 garbage-first heap   total 40960K, used 11152K [0x0000000081400000, 0x0000000100000000)
  region size 1024K, 3 young (3072K), 3 survivors (3072K)
 Metaspace       used 28968K, committed 29312K, reserved 1081344K
  class space    used 3259K, committed 3392K, reserved 1048576K
}
Event: 4.160 GC heap before
{Heap before GC invocations=8 (full 0):
 garbage-first heap   total 40960K, used 29584K [0x0000000081400000, 0x0000000100000000)
  region size 1024K, 21 young (21504K), 3 survivors (3072K)
 Metaspace       used 32899K, committed 33216K, reserved 1081344K
  class space    used 3790K, committed 3968K, reserved 1048576K
}
Event: 4.171 GC heap after
{Heap after GC invocations=9 (full 0):
 garbage-first heap   total 81920K, used 13226K [0x0000000081400000, 0x0000000100000000)
  region size 1024K, 3 young (3072K), 3 survivors (3072K)
 Metaspace       used 32899K, committed 33216K, reserved 1081344K
  class space    used 3790K, committed 3968K, reserved 1048576K
}
Event: 4.407 GC heap before
{Heap before GC invocations=9 (full 0):
 garbage-first heap   total 81920K, used 58282K [0x0000000081400000, 0x0000000100000000)
  region size 1024K, 48 young (49152K), 3 survivors (3072K)
 Metaspace       used 34476K, committed 34752K, reserved 1081344K
  class space    used 3942K, committed 4096K, reserved 1048576K
}
Event: 4.416 GC heap after
{Heap after GC invocations=10 (full 0):
 garbage-first heap   total 81920K, used 14083K [0x0000000081400000, 0x0000000100000000)
  region size 1024K, 4 young (4096K), 4 survivors (4096K)
 Metaspace       used 34476K, committed 34752K, reserved 1081344K
  class space    used 3942K, committed 4096K, reserved 1048576K
}
Event: 4.632 GC heap before
{Heap before GC invocations=10 (full 0):
 garbage-first heap   total 81920K, used 22275K [0x0000000081400000, 0x0000000100000000)
  region size 1024K, 13 young (13312K), 4 survivors (4096K)
 Metaspace       used 35498K, committed 35776K, reserved 1081344K
  class space    used 4090K, committed 4224K, reserved 1048576K
}
Event: 4.641 GC heap after
{Heap after GC invocations=11 (full 0):
 garbage-first heap   total 81920K, used 14623K [0x0000000081400000, 0x0000000100000000)
  region size 1024K, 4 young (4096K), 4 survivors (4096K)
 Metaspace       used 35498K, committed 35776K, reserved 1081344K
  class space    used 4090K, committed 4224K, reserved 1048576K
}
Event: 5.608 GC heap before
{Heap before GC invocations=12 (full 0):
 garbage-first heap   total 58368K, used 44319K [0x0000000081400000, 0x0000000100000000)
  region size 1024K, 34 young (34816K), 4 survivors (4096K)
 Metaspace       used 45103K, committed 45440K, reserved 1089536K
  class space    used 5212K, committed 5376K, reserved 1048576K
}
Event: 5.621 GC heap after
{Heap after GC invocations=13 (full 0):
 garbage-first heap   total 58368K, used 17924K [0x0000000081400000, 0x0000000100000000)
  region size 1024K, 5 young (5120K), 5 survivors (5120K)
 Metaspace       used 45103K, committed 45440K, reserved 1089536K
  class space    used 5212K, committed 5376K, reserved 1048576K
}
Event: 6.167 GC heap before
{Heap before GC invocations=14 (full 0):
 garbage-first heap   total 58368K, used 42500K [0x0000000081400000, 0x0000000100000000)
  region size 1024K, 29 young (29696K), 5 survivors (5120K)
 Metaspace       used 48342K, committed 48640K, reserved 1097728K
  class space    used 5808K, committed 5952K, reserved 1048576K
}
Event: 6.173 GC heap after
{Heap after GC invocations=15 (full 0):
 garbage-first heap   total 58368K, used 18929K [0x0000000081400000, 0x0000000100000000)
  region size 1024K, 2 young (2048K), 2 survivors (2048K)
 Metaspace       used 48342K, committed 48640K, reserved 1097728K
  class space    used 5808K, committed 5952K, reserved 1048576K
}
Event: 6.930 GC heap before
{Heap before GC invocations=15 (full 0):
 garbage-first heap   total 58368K, used 42481K [0x0000000081400000, 0x0000000100000000)
  region size 1024K, 26 young (26624K), 2 survivors (2048K)
 Metaspace       used 55157K, committed 55424K, reserved 1097728K
  class space    used 6854K, committed 6976K, reserved 1048576K
}
Event: 6.935 GC heap after
{Heap after GC invocations=16 (full 0):
 garbage-first heap   total 58368K, used 20068K [0x0000000081400000, 0x0000000100000000)
  region size 1024K, 3 young (3072K), 3 survivors (3072K)
 Metaspace       used 55157K, committed 55424K, reserved 1097728K
  class space    used 6854K, committed 6976K, reserved 1048576K
}
Event: 7.694 GC heap before
{Heap before GC invocations=16 (full 0):
 garbage-first heap   total 58368K, used 44644K [0x0000000081400000, 0x0000000100000000)
  region size 1024K, 27 young (27648K), 3 survivors (3072K)
 Metaspace       used 59971K, committed 60288K, reserved 1105920K
  class space    used 7503K, committed 7616K, reserved 1048576K
}
Event: 7.700 GC heap after
{Heap after GC invocations=17 (full 0):
 garbage-first heap   total 58368K, used 21857K [0x0000000081400000, 0x0000000100000000)
  region size 1024K, 4 young (4096K), 4 survivors (4096K)
 Metaspace       used 59971K, committed 60288K, reserved 1105920K
  class space    used 7503K, committed 7616K, reserved 1048576K
}
Event: 8.016 GC heap before
{Heap before GC invocations=17 (full 0):
 garbage-first heap   total 58368K, used 44385K [0x0000000081400000, 0x0000000100000000)
  region size 1024K, 26 young (26624K), 4 survivors (4096K)
 Metaspace       used 61357K, committed 61760K, reserved 1105920K
  class space    used 7690K, committed 7872K, reserved 1048576K
}
Event: 8.021 GC heap after
{Heap after GC invocations=18 (full 0):
 garbage-first heap   total 58368K, used 22701K [0x0000000081400000, 0x0000000100000000)
  region size 1024K, 3 young (3072K), 3 survivors (3072K)
 Metaspace       used 61357K, committed 61760K, reserved 1105920K
  class space    used 7690K, committed 7872K, reserved 1048576K
}
Event: 8.665 GC heap before
{Heap before GC invocations=18 (full 0):
 garbage-first heap   total 58368K, used 45229K [0x0000000081400000, 0x0000000100000000)
  region size 1024K, 25 young (25600K), 3 survivors (3072K)
 Metaspace       used 63706K, committed 64064K, reserved 1105920K
  class space    used 7999K, committed 8192K, reserved 1048576K
}
Event: 8.674 GC heap after
{Heap after GC invocations=19 (full 0):
 garbage-first heap   total 70656K, used 24878K [0x0000000081400000, 0x0000000100000000)
  region size 1024K, 3 young (3072K), 3 survivors (3072K)
 Metaspace       used 63706K, committed 64064K, reserved 1105920K
  class space    used 7999K, committed 8192K, reserved 1048576K
}

Deoptimization events (20 events):
Event: 8.458 Thread 0x0000028cd8095520 Uncommon trap: trap_request=0xffffff45 fr.pc=0x0000028ce3395690 relative=0x00000000000005d0
Event: 8.458 Thread 0x0000028cd8095520 Uncommon trap: reason=unstable_if action=reinterpret pc=0x0000028ce3395690 method=org.springframework.core.annotation.AnnotationsScanner.isWithoutHierarchy(Ljava/lang/reflect/AnnotatedElement;Lorg/springframework/core/annotation/MergedAnnotations$SearchSt
Event: 8.458 Thread 0x0000028cd8095520 DEOPT PACKING pc=0x0000028ce3395690 sp=0x000000b406efdda0
Event: 8.458 Thread 0x0000028cd8095520 DEOPT UNPACKING pc=0x0000028cdb65d72e sp=0x000000b406efdc70 mode 2
Event: 8.486 Thread 0x0000028cd8095520 Uncommon trap: trap_request=0xffffff45 fr.pc=0x0000028ce3167668 relative=0x0000000000001008
Event: 8.486 Thread 0x0000028cd8095520 Uncommon trap: reason=unstable_if action=reinterpret pc=0x0000028ce3167668 method=java.util.concurrent.ConcurrentHashMap.transfer([Ljava/util/concurrent/ConcurrentHashMap$Node;[Ljava/util/concurrent/ConcurrentHashMap$Node;)V @ 352 c2
Event: 8.486 Thread 0x0000028cd8095520 DEOPT PACKING pc=0x0000028ce3167668 sp=0x000000b406efdf00
Event: 8.486 Thread 0x0000028cd8095520 DEOPT UNPACKING pc=0x0000028cdb65d72e sp=0x000000b406efde68 mode 2
Event: 8.585 Thread 0x0000028cd8095520 Uncommon trap: trap_request=0xffffffde fr.pc=0x0000028ce3158550 relative=0x0000000000000110
Event: 8.585 Thread 0x0000028cd8095520 Uncommon trap: reason=class_check action=maybe_recompile pc=0x0000028ce3158550 method=org.springframework.boot.context.properties.source.ConfigurationPropertyName$Elements.charAt(II)C @ 43 c2
Event: 8.585 Thread 0x0000028cd8095520 DEOPT PACKING pc=0x0000028ce3158550 sp=0x000000b406efa980
Event: 8.585 Thread 0x0000028cd8095520 DEOPT UNPACKING pc=0x0000028cdb65d72e sp=0x000000b406efa8f8 mode 2
Event: 8.585 Thread 0x0000028cd8095520 Uncommon trap: trap_request=0xffffffde fr.pc=0x0000028ce3158550 relative=0x0000000000000110
Event: 8.585 Thread 0x0000028cd8095520 Uncommon trap: reason=class_check action=maybe_recompile pc=0x0000028ce3158550 method=org.springframework.boot.context.properties.source.ConfigurationPropertyName$Elements.charAt(II)C @ 43 c2
Event: 8.585 Thread 0x0000028cd8095520 DEOPT PACKING pc=0x0000028ce3158550 sp=0x000000b406efa980
Event: 8.585 Thread 0x0000028cd8095520 DEOPT UNPACKING pc=0x0000028cdb65d72e sp=0x000000b406efa8f8 mode 2
Event: 8.658 Thread 0x0000028cd8095520 Uncommon trap: trap_request=0xffffff45 fr.pc=0x0000028ce3383398 relative=0x00000000000001b8
Event: 8.658 Thread 0x0000028cd8095520 Uncommon trap: reason=unstable_if action=reinterpret pc=0x0000028ce3383398 method=org.springframework.core.annotation.AnnotationsScanner.isWithoutHierarchy(Ljava/lang/reflect/AnnotatedElement;Lorg/springframework/core/annotation/MergedAnnotations$SearchSt
Event: 8.658 Thread 0x0000028cd8095520 DEOPT PACKING pc=0x0000028ce3383398 sp=0x000000b406efe720
Event: 8.658 Thread 0x0000028cd8095520 DEOPT UNPACKING pc=0x0000028cdb65d72e sp=0x000000b406efe6a0 mode 2

Classes unloaded (0 events):
No events

Classes redefined (0 events):
No events

Internal exceptions (20 events):
Event: 7.948 Thread 0x0000028cd8095520 Exception <a 'java/lang/reflect/InvocationTargetException'{0x0000000083d3a8a8}> (0x0000000083d3a8a8) 
thrown [t:\workspace\open\src\hotspot\share\runtime\reflection.cpp, line 1157]
Event: 7.993 Thread 0x0000028cd8095520 Exception <a 'java/lang/reflect/InvocationTargetException'{0x00000000839ddbb8}> (0x00000000839ddbb8) 
thrown [t:\workspace\open\src\hotspot\share\runtime\reflection.cpp, line 1157]
Event: 8.045 Thread 0x0000028cd8095520 Exception <a 'java/lang/reflect/InvocationTargetException'{0x0000000085982818}> (0x0000000085982818) 
thrown [t:\workspace\open\src\hotspot\share\runtime\reflection.cpp, line 1157]
Event: 8.107 Thread 0x0000028cd8095520 Exception <a 'java/lang/ClassNotFoundException'{0x0000000085733e50}: java/lang/ObjectCustomizer> (0x0000000085733e50) 
thrown [t:\workspace\open\src\hotspot\share\classfile\systemDictionary.cpp, line 256]
Event: 8.108 Thread 0x0000028cd8095520 Exception <a 'java/lang/ClassNotFoundException'{0x000000008573a868}: org/springframework/web/servlet/config/annotation/WebMvcConfigurationSupportCustomizer> (0x000000008573a868) 
thrown [t:\workspace\open\src\hotspot\share\classfile\systemDictionary.cpp, line 256]
Event: 8.110 Thread 0x0000028cd8095520 Exception <a 'java/lang/ClassNotFoundException'{0x000000008574d398}: org/springframework/web/servlet/config/annotation/DelegatingWebMvcConfigurationCustomizer> (0x000000008574d398) 
thrown [t:\workspace\open\src\hotspot\share\classfile\systemDictionary.cpp, line 256]
Event: 8.110 Thread 0x0000028cd8095520 Exception <a 'java/lang/ClassNotFoundException'{0x0000000085755060}: org/springframework/boot/autoconfigure/web/servlet/WebMvcAutoConfiguration$EnableWebMvcConfigurationCustomizer> (0x0000000085755060) 
thrown [t:\workspace\open\src\hotspot\share\classfile\systemDictionary.cpp, line 256]
Event: 8.111 Thread 0x0000028cd8095520 Exception <a 'java/lang/ClassNotFoundException'{0x0000000085767668}: org/springframework/context/ResourceLoaderAwareCustomizer> (0x0000000085767668) 
thrown [t:\workspace\open\src\hotspot\share\classfile\systemDictionary.cpp, line 256]
Event: 8.112 Thread 0x0000028cd8095520 Exception <a 'java/lang/ClassNotFoundException'{0x000000008576b6a8}: org/springframework/beans/factory/AwareCustomizer> (0x000000008576b6a8) 
thrown [t:\workspace\open\src\hotspot\share\classfile\systemDictionary.cpp, line 256]
Event: 8.112 Thread 0x0000028cd8095520 Exception <a 'java/lang/ClassNotFoundException'{0x000000008576e7d0}: org/springframework/context/ApplicationContextAwareCustomizer> (0x000000008576e7d0) 
thrown [t:\workspace\open\src\hotspot\share\classfile\systemDictionary.cpp, line 256]
Event: 8.112 Thread 0x0000028cd8095520 Exception <a 'java/lang/ClassNotFoundException'{0x0000000085773188}: org/springframework/beans/factory/AwareCustomizer> (0x0000000085773188) 
thrown [t:\workspace\open\src\hotspot\share\classfile\systemDictionary.cpp, line 256]
Event: 8.112 Thread 0x0000028cd8095520 Exception <a 'java/lang/ClassNotFoundException'{0x0000000085776288}: org/springframework/web/context/ServletContextAwareCustomizer> (0x0000000085776288) 
thrown [t:\workspace\open\src\hotspot\share\classfile\systemDictionary.cpp, line 256]
Event: 8.113 Thread 0x0000028cd8095520 Exception <a 'java/lang/ClassNotFoundException'{0x000000008577a4c8}: org/springframework/beans/factory/AwareCustomizer> (0x000000008577a4c8) 
thrown [t:\workspace\open\src\hotspot\share\classfile\systemDictionary.cpp, line 256]
Event: 8.296 Thread 0x0000028cd8095520 Exception <a 'java/lang/NoSuchMethodError'{0x0000000084105158}: 'void java.lang.invoke.DirectMethodHandle$Holder.invokeVirtual(java.lang.Object, java.lang.Object, int)'> (0x0000000084105158) 
thrown [t:\workspace\open\src\hotspot\share\interpreter\linkResolver.cpp, line 790]
Event: 8.299 Thread 0x0000028cd8095520 Exception <a 'java/lang/NoSuchMethodError'{0x0000000084120668}: 'void java.lang.invoke.DirectMethodHandle$Holder.invokeVirtual(java.lang.Object, java.lang.Object, long)'> (0x0000000084120668) 
thrown [t:\workspace\open\src\hotspot\share\interpreter\linkResolver.cpp, line 790]
Event: 8.500 Thread 0x0000028cd8095520 Exception <a 'java/lang/IncompatibleClassChangeError'{0x0000000083c83610}: Found class java.lang.Object, but interface was expected> (0x0000000083c83610) 
thrown [t:\workspace\open\src\hotspot\share\interpreter\linkResolver.cpp, line 857]
Event: 8.685 Thread 0x0000028cd8095520 Exception <a 'java/lang/NoSuchMethodError'{0x000000008932f468}: 'java.lang.Object java.lang.invoke.DirectMethodHandle$Holder.invokeSpecial(java.lang.Object, java.lang.Object, int, java.lang.Object, int, java.lang.Object)'> (0x000000008932f468) 
thrown [t:\workspace\open\src\hotspot\share\interpreter\linkResolver.cpp, line 790]
Event: 8.686 Thread 0x0000028cd8095520 Exception <a 'java/lang/NoSuchMethodError'{0x0000000089337828}: 'java.lang.Object java.lang.invoke.DirectMethodHandle$Holder.newInvokeSpecial(java.lang.Object, java.lang.Object, int, java.lang.Object, int)'> (0x0000000089337828) 
thrown [t:\workspace\open\src\hotspot\share\interpreter\linkResolver.cpp, line 790]
Event: 8.687 Thread 0x0000028cd8095520 Exception <a 'java/lang/NoSuchMethodError'{0x000000008933ba38}: 'java.lang.Object java.lang.invoke.DirectMethodHandle$Holder.invokeSpecial(java.lang.Object, java.lang.Object, java.lang.Object, int, java.lang.Object, int)'> (0x000000008933ba38) 
thrown [t:\workspace\open\src\hotspot\share\interpreter\linkResolver.cpp, line 790]
Event: 8.690 Thread 0x0000028cd8095520 Exception <a 'java/lang/NoSuchMethodError'{0x0000000089346128}: 'void java.lang.invoke.DirectMethodHandle$Holder.invokeVirtual(java.lang.Object, java.lang.Object)'> (0x0000000089346128) 
thrown [t:\workspace\open\src\hotspot\share\interpreter\linkResolver.cpp, line 790]

Events (20 events):
Event: 8.713 loading class sun/nio/ch/UnixDomainSocketsUtil done
Event: 8.719 loading class sun/nio/ch/SocketChannelImpl
Event: 8.720 loading class sun/nio/ch/SocketChannelImpl done
Event: 8.721 loading class java/nio/channels/spi/AbstractInterruptibleChannel$1
Event: 8.721 loading class sun/nio/ch/Interruptible
Event: 8.721 loading class sun/nio/ch/Interruptible done
Event: 8.721 loading class java/nio/channels/spi/AbstractInterruptibleChannel$1 done
Event: 8.722 loading class java/nio/BufferMismatch
Event: 8.722 loading class java/nio/BufferMismatch done
Event: 8.722 loading class sun/nio/ch/SourceChannelImpl
Event: 8.722 loading class java/nio/channels/Pipe$SourceChannel
Event: 8.722 loading class java/nio/channels/Pipe$SourceChannel done
Event: 8.722 loading class sun/nio/ch/SourceChannelImpl done
Event: 8.723 loading class sun/nio/ch/SinkChannelImpl
Event: 8.723 loading class java/nio/channels/Pipe$SinkChannel
Event: 8.723 loading class java/nio/channels/Pipe$SinkChannel done
Event: 8.723 loading class sun/nio/ch/SinkChannelImpl done
Event: 8.724 Thread 0x0000028cf72e0dd0 Thread added: 0x0000028cf72e0dd0
Event: 8.725 loading class java/nio/channels/spi/AbstractSelector$1
Event: 8.725 loading class java/nio/channels/spi/AbstractSelector$1 done


Dynamic libraries:
0x00007ff695f50000 - 0x00007ff695f5e000 	C:\Users\Yomar\.p2\pool\plugins\org.eclipse.justj.openjdk.hotspot.jre.full.win32.x86_64_16.0.2.v20210721-1149\jre\bin\javaw.exe
0x00007ffb3c330000 - 0x00007ffb3c525000 	C:\Windows\SYSTEM32\ntdll.dll
0x00007ffb3b5d0000 - 0x00007ffb3b68e000 	C:\Windows\System32\KERNEL32.DLL
0x00007ffb39cb0000 - 0x00007ffb39f79000 	C:\Windows\System32\KERNELBASE.dll
0x00007ffb3a280000 - 0x00007ffb3a380000 	C:\Windows\System32\ucrtbase.dll
0x00007ffb33570000 - 0x00007ffb33589000 	C:\Users\Yomar\.p2\pool\plugins\org.eclipse.justj.openjdk.hotspot.jre.full.win32.x86_64_16.0.2.v20210721-1149\jre\bin\VCRUNTIME140.dll
0x00007ffb33550000 - 0x00007ffb33568000 	C:\Users\Yomar\.p2\pool\plugins\org.eclipse.justj.openjdk.hotspot.jre.full.win32.x86_64_16.0.2.v20210721-1149\jre\bin\jli.dll
0x00007ffb3be30000 - 0x00007ffb3bfd1000 	C:\Windows\System32\USER32.dll
0x00007ffb3a0a0000 - 0x00007ffb3a0c2000 	C:\Windows\System32\win32u.dll
0x00007ffb3bda0000 - 0x00007ffb3bdcb000 	C:\Windows\System32\GDI32.dll
0x00007ffb28c90000 - 0x00007ffb28f2a000 	C:\Windows\WinSxS\amd64_microsoft.windows.common-controls_6595b64144ccf1df_6.0.19041.1110_none_60b5254171f9507e\COMCTL32.dll
0x00007ffb3bb10000 - 0x00007ffb3bbae000 	C:\Windows\System32\msvcrt.dll
0x00007ffb39b00000 - 0x00007ffb39c0b000 	C:\Windows\System32\gdi32full.dll
0x00007ffb39c10000 - 0x00007ffb39cad000 	C:\Windows\System32\msvcp_win.dll
0x00007ffb3c070000 - 0x00007ffb3c0a0000 	C:\Windows\System32\IMM32.DLL
0x00007ffb33540000 - 0x00007ffb3354c000 	C:\Users\Yomar\.p2\pool\plugins\org.eclipse.justj.openjdk.hotspot.jre.full.win32.x86_64_16.0.2.v20210721-1149\jre\bin\vcruntime140_1.dll
0x00007ffb26f80000 - 0x00007ffb27011000 	C:\Users\Yomar\.p2\pool\plugins\org.eclipse.justj.openjdk.hotspot.jre.full.win32.x86_64_16.0.2.v20210721-1149\jre\bin\msvcp140.dll
0x00007ffb04410000 - 0x00007ffb04fbb000 	C:\Users\Yomar\.p2\pool\plugins\org.eclipse.justj.openjdk.hotspot.jre.full.win32.x86_64_16.0.2.v20210721-1149\jre\bin\server\jvm.dll
0x00007ffb3a4c0000 - 0x00007ffb3a56c000 	C:\Windows\System32\ADVAPI32.dll
0x00007ffb3b9c0000 - 0x00007ffb3ba5b000 	C:\Windows\System32\sechost.dll
0x00007ffb3bc70000 - 0x00007ffb3bd9a000 	C:\Windows\System32\RPCRT4.dll
0x00007ffb3a4b0000 - 0x00007ffb3a4b8000 	C:\Windows\System32\PSAPI.DLL
0x00007ffb381c0000 - 0x00007ffb381c9000 	C:\Windows\SYSTEM32\WSOCK32.dll
0x00007ffb3a8d0000 - 0x00007ffb3a93b000 	C:\Windows\System32\WS2_32.dll
0x00007ffb26a10000 - 0x00007ffb26a37000 	C:\Windows\SYSTEM32\WINMM.dll
0x00007ffb2a2f0000 - 0x00007ffb2a2fa000 	C:\Windows\SYSTEM32\VERSION.dll
0x00007ffb385b0000 - 0x00007ffb385c2000 	C:\Windows\SYSTEM32\kernel.appcore.dll
0x00007ffb289d0000 - 0x00007ffb289da000 	C:\Users\Yomar\.p2\pool\plugins\org.eclipse.justj.openjdk.hotspot.jre.full.win32.x86_64_16.0.2.v20210721-1149\jre\bin\jimage.dll
0x00007ffb37fb0000 - 0x00007ffb38194000 	C:\Windows\SYSTEM32\DBGHELP.DLL
0x00007ffb20f20000 - 0x00007ffb20f4c000 	C:\Windows\SYSTEM32\dbgcore.DLL
0x00007ffb39f80000 - 0x00007ffb3a003000 	C:\Windows\System32\bcryptPrimitives.dll
0x00007ffb043e0000 - 0x00007ffb04405000 	C:\Users\Yomar\.p2\pool\plugins\org.eclipse.justj.openjdk.hotspot.jre.full.win32.x86_64_16.0.2.v20210721-1149\jre\bin\java.dll
0x00007ffb043c0000 - 0x00007ffb043d8000 	C:\Users\Yomar\.p2\pool\plugins\org.eclipse.justj.openjdk.hotspot.jre.full.win32.x86_64_16.0.2.v20210721-1149\jre\bin\zip.dll
0x00007ffb3a940000 - 0x00007ffb3b07f000 	C:\Windows\System32\SHELL32.dll
0x00007ffb37760000 - 0x00007ffb37ef0000 	C:\Windows\SYSTEM32\windows.storage.dll
0x00007ffb3a570000 - 0x00007ffb3a8c5000 	C:\Windows\System32\combase.dll
0x00007ffb393d0000 - 0x00007ffb393fc000 	C:\Windows\SYSTEM32\Wldp.dll
0x00007ffb3b500000 - 0x00007ffb3b5ad000 	C:\Windows\System32\SHCORE.dll
0x00007ffb3bbb0000 - 0x00007ffb3bc05000 	C:\Windows\System32\shlwapi.dll
0x00007ffb39990000 - 0x00007ffb399af000 	C:\Windows\SYSTEM32\profapi.dll
0x00007ffb043a0000 - 0x00007ffb043b9000 	C:\Users\Yomar\.p2\pool\plugins\org.eclipse.justj.openjdk.hotspot.jre.full.win32.x86_64_16.0.2.v20210721-1149\jre\bin\net.dll
0x00007ffb2a0d0000 - 0x00007ffb2a1d8000 	C:\Windows\SYSTEM32\WINHTTP.dll
0x00007ffb39130000 - 0x00007ffb3919a000 	C:\Windows\system32\mswsock.dll
0x00007ffb04380000 - 0x00007ffb04393000 	C:\Users\Yomar\.p2\pool\plugins\org.eclipse.justj.openjdk.hotspot.jre.full.win32.x86_64_16.0.2.v20210721-1149\jre\bin\nio.dll
0x00007ffb28890000 - 0x00007ffb288a0000 	C:\Users\Yomar\.p2\pool\plugins\org.eclipse.justj.openjdk.hotspot.jre.full.win32.x86_64_16.0.2.v20210721-1149\jre\bin\verify.dll
0x00007ffb33530000 - 0x00007ffb33539000 	C:\Users\Yomar\.p2\pool\plugins\org.eclipse.justj.openjdk.hotspot.jre.full.win32.x86_64_16.0.2.v20210721-1149\jre\bin\management.dll
0x00007ffb33500000 - 0x00007ffb3350b000 	C:\Users\Yomar\.p2\pool\plugins\org.eclipse.justj.openjdk.hotspot.jre.full.win32.x86_64_16.0.2.v20210721-1149\jre\bin\management_ext.dll
0x00007ffb1dae0000 - 0x00007ffb1daf7000 	C:\Windows\system32\napinsp.dll
0x00007ffb1dac0000 - 0x00007ffb1dadb000 	C:\Windows\system32\pnrpnsp.dll
0x00007ffb34220000 - 0x00007ffb34235000 	C:\Windows\system32\wshbth.dll
0x00007ffb34d90000 - 0x00007ffb34dad000 	C:\Windows\system32\NLAapi.dll
0x00007ffb38e20000 - 0x00007ffb38e5b000 	C:\Windows\SYSTEM32\IPHLPAPI.DLL
0x00007ffb38e60000 - 0x00007ffb38f2c000 	C:\Windows\SYSTEM32\DNSAPI.dll
0x00007ffb3c060000 - 0x00007ffb3c068000 	C:\Windows\System32\NSI.dll
0x00007ffb1daa0000 - 0x00007ffb1dab2000 	C:\Windows\System32\winrnr.dll
0x00007ffb26ee0000 - 0x00007ffb26eea000 	C:\Windows\System32\rasadhlp.dll
0x00007ffb260c0000 - 0x00007ffb2613f000 	C:\Windows\System32\fwpuclnt.dll
0x00007ffb3a010000 - 0x00007ffb3a037000 	C:\Windows\System32\bcrypt.dll
0x00007ffb39330000 - 0x00007ffb39348000 	C:\Windows\SYSTEM32\CRYPTSP.dll
0x00007ffb38ab0000 - 0x00007ffb38ae4000 	C:\Windows\system32\rsaenh.dll
0x00007ffb39910000 - 0x00007ffb3993e000 	C:\Windows\SYSTEM32\USERENV.dll
0x00007ffb39320000 - 0x00007ffb3932c000 	C:\Windows\SYSTEM32\CRYPTBASE.dll
0x00007ffb2cec0000 - 0x00007ffb2ced7000 	C:\Windows\SYSTEM32\dhcpcsvc6.DLL
0x00007ffb2dbb0000 - 0x00007ffb2dbcd000 	C:\Windows\SYSTEM32\dhcpcsvc.DLL
0x00007ffb35210000 - 0x00007ffb3521e000 	C:\Users\Yomar\.p2\pool\plugins\org.eclipse.justj.openjdk.hotspot.jre.full.win32.x86_64_16.0.2.v20210721-1149\jre\bin\sunmscapi.dll
0x00007ffb3a0d0000 - 0x00007ffb3a226000 	C:\Windows\System32\CRYPT32.dll
0x00007ffb39440000 - 0x00007ffb39467000 	C:\Windows\SYSTEM32\ncrypt.dll
0x00007ffb39400000 - 0x00007ffb3943b000 	C:\Windows\SYSTEM32\NTASN1.dll
0x00007ffb334c0000 - 0x00007ffb334c7000 	C:\Windows\system32\wshunix.dll

dbghelp: loaded successfully - version: 4.0.5 - missing functions: none
symbol engine: initialized successfully - sym options: 0x614 - pdb path: .;C:\Users\Yomar\.p2\pool\plugins\org.eclipse.justj.openjdk.hotspot.jre.full.win32.x86_64_16.0.2.v20210721-1149\jre\bin;C:\Windows\SYSTEM32;C:\Windows\WinSxS\amd64_microsoft.windows.common-controls_6595b64144ccf1df_6.0.19041.1110_none_60b5254171f9507e;C:\Users\Yomar\.p2\pool\plugins\org.eclipse.justj.openjdk.hotspot.jre.full.win32.x86_64_16.0.2.v20210721-1149\jre\bin\server

VM Arguments:
jvm_args: -Dfile.encoding=UTF-8 -XX:+ShowCodeDetailsInExceptionMessages 
java_command: com.project.professor.allocation.ProfessorAllocationApplication
java_class_path (initial): C:\Users\Yomar\eclipse-workspace\RECODE\professor-allocation-yomar\target\classes;C:\Users\Yomar\.m2\repository\org\springframework\boot\spring-boot-starter-data-jpa\2.5.5\spring-boot-starter-data-jpa-2.5.5.jar;C:\Users\Yomar\.m2\repository\org\springframework\boot\spring-boot-starter-aop\2.5.5\spring-boot-starter-aop-2.5.5.jar;C:\Users\Yomar\.m2\repository\org\springframework\spring-aop\5.3.10\spring-aop-5.3.10.jar;C:\Users\Yomar\.m2\repository\org\aspectj\aspectjweaver\1.9.7\aspectjweaver-1.9.7.jar;C:\Users\Yomar\.m2\repository\org\springframework\boot\spring-boot-starter-jdbc\2.5.5\spring-boot-starter-jdbc-2.5.5.jar;C:\Users\Yomar\.m2\repository\com\zaxxer\HikariCP\4.0.3\HikariCP-4.0.3.jar;C:\Users\Yomar\.m2\repository\org\springframework\spring-jdbc\5.3.10\spring-jdbc-5.3.10.jar;C:\Users\Yomar\.m2\repository\jakarta\transaction\jakarta.transaction-api\1.3.3\jakarta.transaction-api-1.3.3.jar;C:\Users\Yomar\.m2\repository\jakarta\persistence\jakarta.persistence-api\2.2.3\jakarta.persistence-api-2.2.3.jar;C:\Users\Yomar\.m2\repository\org\hibernate\hibernate-core\5.4.32.Final\hibernate-core-5.4.32.Final.jar;C:\Users\Yomar\.m2\repository\org\jboss\logging\jboss-logging\3.4.2.Final\jboss-logging-3.4.2.Final.jar;C:\Users\Yomar\.m2\repository\org\javassist\javassist\3.27.0-GA\javassist-3.27.0-GA.jar;C:\Users\Yomar\.m2\repository\net\bytebuddy\byte-buddy\1.10.22\byte-buddy-1.10.22.jar;C:\Users\Yomar\.m2\repository\antlr\antlr\2.7.7\antlr-2.7.7.jar;C:\Users\Yomar\.m2\repository\org\jboss\jandex\2.2.3.Final\jandex-2.2.3.Final.jar;C:\Users\Yomar\.m2\repository\com\fasterxml\classmate\1.5.1\classmate-1.5.1.jar;C:\Users\Yomar\.m2\repository\org\dom4j\dom4j\2.1.3\dom4j-2.1.3.jar;C:\Users\Yomar\.m2\repository\org\hibernate\common\hibernate-commons-annotations\5.1.2.Final\hibernate-commons-annotations-5.1.2.Final.jar;C:\Users\Yomar\.m2\repository\org\glassfish\jaxb\jaxb-runtime\2.3.5\jaxb-runtime-2.3.5.jar;C:\Users\Yomar\.m2\repository\org\glassfish
Launcher Type: SUN_STANDARD

[Global flags]
     intx CICompilerCount                          = 3                                         {product} {ergonomic}
     uint ConcGCThreads                            = 1                                         {product} {ergonomic}
     uint G1ConcRefinementThreads                  = 4                                         {product} {ergonomic}
   size_t G1HeapRegionSize                         = 1048576                                   {product} {ergonomic}
    uintx GCDrainStackTargetSize                   = 64                                        {product} {ergonomic}
   size_t InitialHeapSize                          = 134217728                                 {product} {ergonomic}
   size_t MarkStackSize                            = 4194304                                   {product} {ergonomic}
   size_t MaxHeapSize                              = 2126512128                                {product} {ergonomic}
   size_t MaxNewSize                               = 1275068416                                {product} {ergonomic}
   size_t MinHeapDeltaBytes                        = 1048576                                   {product} {ergonomic}
   size_t MinHeapSize                              = 8388608                                   {product} {ergonomic}
    uintx NonNMethodCodeHeapSize                   = 5832780                                {pd product} {ergonomic}
    uintx NonProfiledCodeHeapSize                  = 122912730                              {pd product} {ergonomic}
    uintx ProfiledCodeHeapSize                     = 122912730                              {pd product} {ergonomic}
    uintx ReservedCodeCacheSize                    = 251658240                              {pd product} {ergonomic}
     bool SegmentedCodeCache                       = true                                      {product} {ergonomic}
     bool ShowCodeDetailsInExceptionMessages       = true                                   {manageable} {command line}
   size_t SoftMaxHeapSize                          = 2126512128                             {manageable} {ergonomic}
     bool UseCompressedClassPointers               = true                           {product lp64_product} {ergonomic}
     bool UseCompressedOops                        = true                           {product lp64_product} {ergonomic}
     bool UseG1GC                                  = true                                      {product} {ergonomic}
     bool UseLargePagesIndividualAllocation        = false                                  {pd product} {ergonomic}

Logging:
Log output configuration:
 #0: stdout all=warning uptime,level,tags
 #1: stderr all=off uptime,level,tags

Environment Variables:
PATH=C:/Users/Yomar/.p2/pool/plugins/org.eclipse.justj.openjdk.hotspot.jre.full.win32.x86_64_16.0.2.v20210721-1149/jre/bin/server;C:/Users/Yomar/.p2/pool/plugins/org.eclipse.justj.openjdk.hotspot.jre.full.win32.x86_64_16.0.2.v20210721-1149/jre/bin;C:\Program Files\Common Files\Oracle\Java\javapath;C:\ProgramData\Oracle\Java\javapath;C:\Program Files (x86)\Common Files\Intel\Shared Files\cpp\bin\Intel64;C:\Program Files (x86)\Intel\iCLS Client\;C:\Program Files\Intel\iCLS Client\;C:\Windows\system32;C:\Windows;C:\Windows\System32\Wbem;C:\Windows\System32\WindowsPowerShell\v1.0\;C:\Program Files (x86)\Windows Live\Shared;C:\Program Files (x86)\Windows Kits\8.1\Windows Performance Toolkit\;C:\Program Files\Intel\Intel(R) Management Engine Components\DAL;C:\Program Files\Intel\Intel(R) Management Engine Components\IPT;C:\Windows\System32\OpenSSH\;C:\Program Files\Intel\WiFi\bin\;C:\Program Files\Common Files\Intel\WirelessCommon\;C:\Program Files\Git\cmd;C:\Program Files\TortoiseGit\bin;C:\Program Files\MySQL\MySQL Shell 8.0\bin\;C:\Users\Yomar\AppData\Local\Microsoft\WindowsApps;;C:\Users\Yomar\AppData\Local\Programs\Microsoft VS Code\bin;C:\Windows\system32;
USERNAME=Yomar
OS=Windows_NT
PROCESSOR_IDENTIFIER=Intel64 Family 6 Model 61 Stepping 4, GenuineIntel



---------------  S Y S T E M  ---------------

OS:
 Windows 10 , 64 bit Build 19041 (10.0.19041.1202)
OS uptime: 0 days 1:13 hours

CPU: total 4 (initial active 4) (2 cores per cpu, 2 threads per core) family 6 model 61 stepping 4 microcode 0x2d, cx8, cmov, fxsr, ht, mmx, 3dnowpref, sse, sse2, sse3, ssse3, sse4.1, sse4.2, popcnt, lzcnt, tsc, tscinvbit, avx, avx2, aes, erms, clmul, bmi1, bmi2, adx, fma, vzeroupper, clflush

Memory: 4k page, system-wide physical 8107M (1252M free)
TotalPageFile size 8107M (AvailPageFile size 2M)
current process WorkingSet (physical memory assigned to process): 254M, peak: 254M
current process commit charge ("private bytes"): 288M, peak: 288M

vm_info: OpenJDK 64-Bit Server VM (16.0.2+7-67) for windows-amd64 JRE (16.0.2+7-67), built on Jun  8 2021 23:21:43 by "mach5one" with MS VC++ 16.7 (VS2019)

END.
